<?xml version="1.0" encoding="UTF-8"?>
<testng-results ignored="0" total="1" passed="1" failed="0" skipped="0">
  <reporter-output>
    <line>
      <![CDATA[No Of Rows are ::10]]>
    </line>
    <line>
      <![CDATA[Username and password are Valid:: dashboard----http://webapp.qedgetech.com/dashboard.php]]>
    </line>
    <line>
      <![CDATA[Incorrect user ID or password------dashboard------http://webapp.qedgetech.com/login.php]]>
    </line>
    <line>
      <![CDATA[Username and password are Valid:: dashboard----http://webapp.qedgetech.com/dashboard.php]]>
    </line>
    <line>
      <![CDATA[Incorrect user ID or password------dashboard------http://webapp.qedgetech.com/login.php]]>
    </line>
    <line>
      <![CDATA[Username and password are Valid:: dashboard----http://webapp.qedgetech.com/dashboard.php]]>
    </line>
    <line>
      <![CDATA[Incorrect user ID or password------dashboard------http://webapp.qedgetech.com/login.php]]>
    </line>
    <line>
      <![CDATA[Incorrect user ID or password------dashboard------http://webapp.qedgetech.com/login.php]]>
    </line>
    <line>
      <![CDATA[Username and password are Valid:: dashboard----http://webapp.qedgetech.com/dashboard.php]]>
    </line>
    <line>
      <![CDATA[Username and password are Valid:: dashboard----http://webapp.qedgetech.com/dashboard.php]]>
    </line>
    <line>
      <![CDATA[Username and password are Valid:: dashboard----http://webapp.qedgetech.com/dashboard.php]]>
    </line>
  </reporter-output>
  <suite started-at="2024-05-30T10:42:55 IST" name="Surefire suite" finished-at="2024-05-30T10:43:33 IST" duration-ms="37197">
    <groups>
    </groups>
    <test started-at="2024-05-30T10:42:55 IST" name="Surefire test" finished-at="2024-05-30T10:43:33 IST" duration-ms="37197">
      <class name="driverFactory.AppTest">
        <test-method is-config="true" signature="setUp()[pri:0, instance:driverFactory.AppTest@2dde1bff]" started-at="2024-05-30T10:42:55 IST" name="setUp" finished-at="2024-05-30T10:43:02 IST" duration-ms="6259" status="PASS">
          <reporter-output>
          </reporter-output>
        </test-method> <!-- setUp -->
        <test-method signature="startTest()[pri:0, instance:driverFactory.AppTest@2dde1bff]" started-at="2024-05-30T10:43:02 IST" name="startTest" finished-at="2024-05-30T10:43:32 IST" duration-ms="30148" status="PASS">
          <reporter-output>
            <line>
              <![CDATA[No Of Rows are ::10]]>
            </line>
            <line>
              <![CDATA[Username and password are Valid:: dashboard----http://webapp.qedgetech.com/dashboard.php]]>
            </line>
            <line>
              <![CDATA[Incorrect user ID or password------dashboard------http://webapp.qedgetech.com/login.php]]>
            </line>
            <line>
              <![CDATA[Username and password are Valid:: dashboard----http://webapp.qedgetech.com/dashboard.php]]>
            </line>
            <line>
              <![CDATA[Incorrect user ID or password------dashboard------http://webapp.qedgetech.com/login.php]]>
            </line>
            <line>
              <![CDATA[Username and password are Valid:: dashboard----http://webapp.qedgetech.com/dashboard.php]]>
            </line>
            <line>
              <![CDATA[Incorrect user ID or password------dashboard------http://webapp.qedgetech.com/login.php]]>
            </line>
            <line>
              <![CDATA[Incorrect user ID or password------dashboard------http://webapp.qedgetech.com/login.php]]>
            </line>
            <line>
              <![CDATA[Username and password are Valid:: dashboard----http://webapp.qedgetech.com/dashboard.php]]>
            </line>
            <line>
              <![CDATA[Username and password are Valid:: dashboard----http://webapp.qedgetech.com/dashboard.php]]>
            </line>
            <line>
              <![CDATA[Username and password are Valid:: dashboard----http://webapp.qedgetech.com/dashboard.php]]>
            </line>
          </reporter-output>
        </test-method> <!-- startTest -->
        <test-method is-config="true" signature="tearDown()[pri:0, instance:driverFactory.AppTest@2dde1bff]" started-at="2024-05-30T10:43:32 IST" name="tearDown" finished-at="2024-05-30T10:43:33 IST" duration-ms="693" status="PASS">
          <reporter-output>
          </reporter-output>
        </test-method> <!-- tearDown -->
      </class> <!-- driverFactory.AppTest -->
    </test> <!-- Surefire test -->
  </suite> <!-- Surefire suite -->
</testng-results>
